kotlin version: 2.1.0
error message: java.lang.IllegalArgumentException: 25.0.1
	at org.jetbrains.kotlin.com.intellij.util.lang.JavaVersion.parse(JavaVersion.java:307)
	at org.jetbrains.kotlin.com.intellij.util.lang.JavaVersion.current(JavaVersion.java:176)
	at org.jetbrains.kotlin.cli.jvm.modules.JavaVersionUtilsKt.isAtLeastJava9(javaVersionUtils.kt:11)
	at org.jetbrains.kotlin.cli.jvm.modules.CoreJrtFileSystem.globalJrtFsCache$lambda$2(CoreJrtFileSystem.kt:83)
	at org.jetbrains.kotlin.cli.jvm.modules.CoreJrtFileSystem.globalJrtFsCache$lambda$3(CoreJrtFileSystem.kt:74)
	at org.jetbrains.kotlin.com.intellij.util.containers.ConcurrentFactoryMap$2.create(ConcurrentFactoryMap.java:174)
	at org.jetbrains.kotlin.com.intellij.util.containers.ConcurrentFactoryMap.get(ConcurrentFactoryMap.java:40)
	at org.jetbrains.kotlin.cli.jvm.modules.CoreJrtFileSystem.roots$lambda$0(CoreJrtFileSystem.kt:34)
	at org.jetbrains.kotlin.cli.jvm.modules.CoreJrtFileSystem.roots$lambda$1(CoreJrtFileSystem.kt:33)
	at org.jetbrains.kotlin.com.intellij.util.containers.ConcurrentFactoryMap$2.create(ConcurrentFactoryMap.java:174)
	at org.jetbrains.kotlin.com.intellij.util.containers.ConcurrentFactoryMap.get(ConcurrentFactoryMap.java:40)
	at org.jetbrains.kotlin.cli.jvm.modules.CoreJrtFileSystem.findFileByPath(CoreJrtFileSystem.kt:42)
	at org.jetbrains.kotlin.cli.jvm.modules.CliJavaModuleFinder.<init>(CliJavaModuleFinder.kt:45)
	at org.jetbrains.kotlin.cli.jvm.compiler.pipeline.JvmCompilerPipelineKt.createProjectEnvironment(jvmCompilerPipeline.kt:297)
	at org.jetbrains.kotlin.cli.jvm.K2JVMCompiler.doExecute(K2JVMCompiler.kt:139)
	at org.jetbrains.kotlin.cli.jvm.K2JVMCompiler.doExecute(K2JVMCompiler.kt:43)
	at org.jetbrains.kotlin.cli.common.CLICompiler.execImpl(CLICompiler.kt:102)
	at org.jetbrains.kotlin.cli.common.CLICompiler.exec(CLICompiler.kt:316)
	at org.jetbrains.kotlin.incremental.IncrementalJvmCompilerRunner.runCompiler(IncrementalJvmCompilerRunner.kt:464)
	at org.jetbrains.kotlin.incremental.IncrementalJvmCompilerRunner.runCompiler(IncrementalJvmCompilerRunner.kt:73)
	at org.jetbrains.kotlin.incremental.IncrementalCompilerRunner.doCompile(IncrementalCompilerRunner.kt:506)
	at org.jetbrains.kotlin.incremental.IncrementalCompilerRunner.compileImpl(IncrementalCompilerRunner.kt:423)
	at org.jetbrains.kotlin.incremental.IncrementalCompilerRunner.compileNonIncrementally(IncrementalCompilerRunner.kt:301)
	at org.jetbrains.kotlin.incremental.IncrementalCompilerRunner.compile(IncrementalCompilerRunner.kt:129)
	at org.jetbrains.kotlin.daemon.CompileServiceImplBase.execIncrementalCompiler(CompileServiceImpl.kt:674)
	at org.jetbrains.kotlin.daemon.CompileServiceImplBase.access$execIncrementalCompiler(CompileServiceImpl.kt:91)
	at org.jetbrains.kotlin.daemon.CompileServiceImpl.compile(CompileServiceImpl.kt:1659)
	at java.base/jdk.internal.reflect.DirectMethodHandleAccessor.invoke(DirectMethodHandleAccessor.java:104)
	at java.base/java.lang.reflect.Method.invoke(Method.java:565)
	at java.rmi/sun.rmi.server.UnicastServerRef.dispatch(UnicastServerRef.java:351)
	at java.rmi/sun.rmi.transport.Transport.serviceCall(Transport.java:166)
	at java.rmi/sun.rmi.transport.tcp.TCPTransport.handleMessages(TCPTransport.java:543)
	at java.rmi/sun.rmi.transport.tcp.TCPTransport$ConnectionHandler.run0(TCPTransport.java:744)
	at java.rmi/sun.rmi.transport.tcp.TCPTransport$ConnectionHandler.run(TCPTransport.java:623)
	at java.base/java.util.concurrent.ThreadPoolExecutor.runWorker(ThreadPoolExecutor.java:1090)
	at java.base/java.util.concurrent.ThreadPoolExecutor$Worker.run(ThreadPoolExecutor.java:614)
	at java.base/java.lang.Thread.run(Thread.java:1474)


